ERROR:root:Error in row {'item_id': '4', 'name': 'USB Cable', 'quantity': '-5', 'price': '99.99'}: 1 validation error for Item
quantity
  Input should be greater than or equal to 0 [type=greater_than_equal, input_value='-5', input_type=str]
    For further information visit https://errors.pydantic.dev/2.13/v/greater_than_equal
ERROR:root:Error in row {'item_id': '4', 'name': 'USB Cable', 'quantity': '-5', 'price': '99.99'}: 1 validation error for Item
quantity
  Input should be greater than or equal to 0 [type=greater_than_equal, input_value='-5', input_type=str]
    For further information visit https://errors.pydantic.dev/2.13/v/greater_than_equal
ERROR:root:Error in row {'item_id': '4', 'name': 'USB Cable', 'quantity': '-5', 'price': '99.99'}: 1 validation error for Item
quantity
  Input should be greater than or equal to 0 [type=greater_than_equal, input_value='-5', input_type=str]
    For further information visit https://errors.pydantic.dev/2.13/v/greater_than_equal
ERROR:root:Error in row {'item_id': '4', 'name': 'USB Cable', 'quantity': '-5', 'price': '99.99'}: 1 validation error for Item
quantity
  Input should be greater than or equal to 0 [type=greater_than_equal, input_value='-5', input_type=str]
    For further information visit https://errors.pydantic.dev/2.13/v/greater_than_equal
ERROR:root:Error in row {'item_id': '4', 'name': 'USB Cable', 'quantity': '-5', 'price': '99.99'}: 1 validation error for Item
quantity
  Input should be greater than or equal to 0 [type=greater_than_equal, input_value='-5', input_type=str]
    For further information visit https://errors.pydantic.dev/2.13/v/greater_than_equal
ERROR:root:Error in row {'item_id': '4', 'name': 'USB Cable', 'quantity': '-5', 'price': '99.99'}: 1 validation error for Item
quantity
  Input should be greater than or equal to 0 [type=greater_than_equal, input_value='-5', input_type=str]
    For further information visit https://errors.pydantic.dev/2.13/v/greater_than_equal
ERROR:root:Error in row {'item_id': '6', 'name': 'Headphones', 'quantity': '15', 'price': 'hello'}: 1 validation error for Item
price
  Input should be a valid number, unable to parse string as a number [type=float_parsing, input_value='hello', input_type=str]
    For further information visit https://errors.pydantic.dev/2.13/v/float_parsing
ERROR:root:Error in row {'item_id': '4', 'name': 'USB Cable', 'quantity': '-5', 'price': '99.99'}: 1 validation error for Item
quantity
  Input should be greater than or equal to 0 [type=greater_than_equal, input_value='-5', input_type=str]
    For further information visit https://errors.pydantic.dev/2.13/v/greater_than_equal
ERROR:root:Error in row {'item_id': '6', 'name': 'Headphones', 'quantity': '15', 'price': 'hello'}: 1 validation error for Item
price
  Input should be a valid number, unable to parse string as a number [type=float_parsing, input_value='hello', input_type=str]
    For further information visit https://errors.pydantic.dev/2.13/v/float_parsing
ERROR:root:Error in row {'item_id': '4', 'name': 'USB Cable', 'quantity': '-5', 'price': '99.99'}: 1 validation error for Item
quantity
  Input should be greater than or equal to 0 [type=greater_than_equal, input_value='-5', input_type=str]
    For further information visit https://errors.pydantic.dev/2.13/v/greater_than_equal
ERROR:root:Error in row {'item_id': '6', 'name': 'Headphones', 'quantity': '15', 'price': 'hello'}: 1 validation error for Item
price
  Input should be a valid number, unable to parse string as a number [type=float_parsing, input_value='hello', input_type=str]
    For further information visit https://errors.pydantic.dev/2.13/v/float_parsing
ERROR:root:Error in row {'item_id': '4', 'name': 'USB Cable', 'quantity': '-5', 'price': '99.99'}: 1 validation error for Item
quantity
  Input should be greater than or equal to 0 [type=greater_than_equal, input_value='-5', input_type=str]
    For further information visit https://errors.pydantic.dev/2.13/v/greater_than_equal
ERROR:root:Error in row {'item_id': '6', 'name': 'Headphones', 'quantity': '15', 'price': 'hello'}: 1 validation error for Item
price
  Input should be a valid number, unable to parse string as a number [type=float_parsing, input_value='hello', input_type=str]
    For further information visit https://errors.pydantic.dev/2.13/v/float_parsing
ERROR:root:Error in row {'item_id': '4', 'name': 'USB Cable', 'quantity': '-5', 'price': '99.99'}: 1 validation error for Item
quantity
  Input should be greater than or equal to 0 [type=greater_than_equal, input_value='-5', input_type=str]
    For further information visit https://errors.pydantic.dev/2.13/v/greater_than_equal
ERROR:root:Error in row {'item_id': '6', 'name': 'Headphones', 'quantity': '15', 'price': 'hello'}: 1 validation error for Item
price
  Input should be a valid number, unable to parse string as a number [type=float_parsing, input_value='hello', input_type=str]
    For further information visit https://errors.pydantic.dev/2.13/v/float_parsing
ERROR:root:Error in row {'item_id': '4', 'name': 'USB Cable', 'quantity': '-5', 'price': '99.99'}: 1 validation error for Item
quantity
  Input should be greater than or equal to 0 [type=greater_than_equal, input_value='-5', input_type=str]
    For further information visit https://errors.pydantic.dev/2.13/v/greater_than_equal
ERROR:root:Error in row {'item_id': '6', 'name': 'Headphones', 'quantity': '15', 'price': 'hello'}: 1 validation error for Item
price
  Input should be a valid number, unable to parse string as a number [type=float_parsing, input_value='hello', input_type=str]
    For further information visit https://errors.pydantic.dev/2.13/v/float_parsing
